<?xml version="1.0" encoding="UTF-8"?>
<!-- Generated by org.testng.reporters.JUnitReportReporter -->
<testsuite hostname="Midhuns-MacBook-Pro.local" failures="0" tests="1" name="NaveenQA.GenProInterview.ValidateViewCart" time="2.515" errors="0" timestamp="2022-01-10T10:04:37 IST" skipped="0">
  <testcase classname="NaveenQA.GenProInterview.ValidateViewCart" name="ViewCart" time="2.515"/>
  <system-out/>
</testsuite> <!-- NaveenQA.GenProInterview.ValidateViewCart -->
