<?xml version="1.0" encoding="UTF-8"?>
<!-- Generated by org.testng.reporters.JUnitReportReporter -->
<testsuite hostname="Midhuns-MacBook-Pro.local" failures="0" tests="1" name="NaveenQA.GenProInterview.CheckOutCompleteTest" time="3.016" errors="0" timestamp="2022-01-10T10:06:32 IST" skipped="0">
  <testcase classname="NaveenQA.GenProInterview.CheckOutCompleteTest" name="ValidateCheckOutComplete" time="3.016"/>
  <system-out/>
</testsuite> <!-- NaveenQA.GenProInterview.CheckOutCompleteTest -->
